2015-09-04 16:26:37,180 INFO  - Printing results...
2015-09-04 16:26:37,180 INFO  - Result for 0	is 0
2015-09-04 16:26:37,180 INFO  - Result for 1	is 1
2015-09-04 16:26:37,180 INFO  - Result for 2	is 0
2015-09-04 16:26:37,180 INFO  - Result for 3	is 0
2015-09-04 16:26:37,180 INFO  - Result for 4	is 0
2015-09-04 16:26:37,180 INFO  - Result for 5	is 0
2015-09-04 16:26:37,180 INFO  - Result for 6	is 0
2015-09-04 16:26:37,180 INFO  - Result for 7	is 0
2015-09-04 16:26:37,181 INFO  - Result for 8	is 0
2015-09-04 16:26:37,181 INFO  - Result for 9	is 0
2015-09-04 16:26:37,181 INFO  - Result for 10	is 0
2015-09-04 16:43:22,943 INFO  - Starting program. Client version: 2.0
2015-09-04 16:43:22,985 INFO  - Parsing command line parameters...
2015-09-04 16:43:22,985 INFO  - Running algorithm "fixed 4d"...
2015-09-04 16:43:23,259 INFO  - Printing results...
2015-09-04 16:43:23,259 INFO  - Result for 0	is 0
2015-09-04 16:43:23,259 INFO  - Result for 1	is 1
2015-09-04 16:43:23,259 INFO  - Result for 2	is 4
2015-09-04 16:43:23,260 INFO  - Result for 3	is 28
2015-09-04 16:43:23,260 INFO  - Result for 4	is 234
2015-09-04 16:43:23,260 INFO  - Result for 5	is 2162
2015-09-04 16:43:23,260 INFO  - Result for 6	is 21272
2015-09-04 16:43:23,261 INFO  - XXXX 0	is 0
2015-09-04 16:43:23,261 INFO  - XXXX 1	is 1
2015-09-04 16:43:23,261 INFO  - XXXX 2	is 4
2015-09-04 16:43:23,261 INFO  - XXXX 3	is 28
2015-09-04 16:43:23,261 INFO  - XXXX 4	is 234
2015-09-04 16:43:23,262 INFO  - XXXX 5	is 2162
2015-09-04 16:43:23,262 INFO  - XXXX 6	is 21272
2015-09-04 16:43:23,262 INFO  - YYYY 0	is 0
2015-09-04 16:43:23,262 INFO  - YYYY 1	is 1
2015-09-04 16:43:23,262 INFO  - YYYY 2	is 4
2015-09-04 16:43:23,263 INFO  - YYYY 3	is 28
2015-09-04 16:43:23,263 INFO  - YYYY 4	is 234
2015-09-04 16:43:23,263 INFO  - YYYY 5	is 2162
2015-09-04 16:43:23,263 INFO  - YYYY 6	is 21272
2015-09-04 16:43:23,269 INFO  - Result for 1	 is 1
2015-09-04 16:43:23,274 INFO  - Result for 2	 is 4
2015-09-04 16:43:23,274 INFO  - Result for 3	 is 28
2015-09-04 16:43:23,274 INFO  - Result for 4	 is 234
2015-09-04 16:43:23,275 INFO  - Result for 5	 is 2162
2015-09-04 16:43:23,275 INFO  - Result for 6	 is 21272
2015-09-04 16:43:23,275 INFO  - Finished running algorithm
2015-09-04 16:43:23,275 INFO  - Program finished
2015-09-04 16:43:38,751 INFO  - Starting program. Client version: 2.0
2015-09-04 16:43:38,751 INFO  - Parsing command line parameters...
2015-09-04 16:43:38,751 INFO  - Running algorithm "fixed 5d"...
2015-09-04 16:43:41,758 INFO  - Printing results...
2015-09-04 16:43:41,760 INFO  - Result for 0	is 0
2015-09-04 16:43:41,760 INFO  - Result for 1	is 1
2015-09-04 16:43:41,760 INFO  - Result for 2	is 5
2015-09-04 16:43:41,760 INFO  - Result for 3	is 45
2015-09-04 16:43:41,760 INFO  - Result for 4	is 495
2015-09-04 16:43:41,760 INFO  - Result for 5	is 6095
2015-09-04 16:43:41,760 INFO  - Result for 6	is 80617
2015-09-04 16:43:41,760 INFO  - XXXX 0	is 0
2015-09-04 16:43:41,760 INFO  - XXXX 1	is 1
2015-09-04 16:43:41,760 INFO  - XXXX 2	is 5
2015-09-04 16:43:41,760 INFO  - XXXX 3	is 45
2015-09-04 16:43:41,760 INFO  - XXXX 4	is 495
2015-09-04 16:43:41,760 INFO  - XXXX 5	is 6095
2015-09-04 16:43:41,760 INFO  - XXXX 6	is 80617
2015-09-04 16:43:41,760 INFO  - YYYY 0	is 0
2015-09-04 16:43:41,760 INFO  - YYYY 1	is 1
2015-09-04 16:43:41,760 INFO  - YYYY 2	is 5
2015-09-04 16:43:41,760 INFO  - YYYY 3	is 45
2015-09-04 16:43:41,760 INFO  - YYYY 4	is 495
2015-09-04 16:43:41,760 INFO  - YYYY 5	is 6095
2015-09-04 16:43:41,760 INFO  - YYYY 6	is 80617
2015-09-04 16:43:41,843 INFO  - Result for 1	 is 1
2015-09-04 16:43:41,845 INFO  - Result for 2	 is 5
2015-09-04 16:43:41,845 INFO  - Result for 3	 is 45
2015-09-04 16:43:41,845 INFO  - Result for 4	 is 495
2015-09-04 16:43:41,845 INFO  - Result for 5	 is 6095
2015-09-04 16:43:41,845 INFO  - Result for 6	 is 80617
2015-09-04 16:43:41,845 INFO  - Finished running algorithm
2015-09-04 16:43:41,845 INFO  - Program finished
2015-09-04 16:43:43,263 INFO  - Starting program. Client version: 2.0
2015-09-04 16:43:43,263 INFO  - Parsing command line parameters...
2015-09-04 16:43:43,263 INFO  - Running algorithm "fixed 3d"...
2015-09-04 16:43:43,299 INFO  - Printing results...
2015-09-04 16:43:43,300 INFO  - Result for 0	is 0
2015-09-04 16:43:43,300 INFO  - Result for 1	is 1
2015-09-04 16:43:43,300 INFO  - Result for 2	is 3
2015-09-04 16:43:43,301 INFO  - Result for 3	is 15
2015-09-04 16:43:43,301 INFO  - Result for 4	is 86
2015-09-04 16:43:43,301 INFO  - Result for 5	is 534
2015-09-04 16:43:43,301 INFO  - Result for 6	is 3481
2015-09-04 16:43:43,301 INFO  - XXXX 0	is 0
2015-09-04 16:43:43,302 INFO  - XXXX 1	is 1
2015-09-04 16:43:43,302 INFO  - XXXX 2	is 3
2015-09-04 16:43:43,302 INFO  - XXXX 3	is 15
2015-09-04 16:43:43,302 INFO  - XXXX 4	is 86
2015-09-04 16:43:43,302 INFO  - XXXX 5	is 534
2015-09-04 16:43:43,303 INFO  - XXXX 6	is 3481
2015-09-04 16:43:43,303 INFO  - YYYY 0	is 0
2015-09-04 16:43:43,303 INFO  - YYYY 1	is 1
2015-09-04 16:43:43,303 INFO  - YYYY 2	is 3
2015-09-04 16:43:43,303 INFO  - YYYY 3	is 15
2015-09-04 16:43:43,304 INFO  - YYYY 4	is 86
2015-09-04 16:43:43,304 INFO  - YYYY 5	is 534
2015-09-04 16:43:43,304 INFO  - YYYY 6	is 3481
2015-09-04 16:43:43,305 INFO  - Result for 1	 is 1
2015-09-04 16:43:43,305 INFO  - Result for 2	 is 3
2015-09-04 16:43:43,305 INFO  - Result for 3	 is 15
2015-09-04 16:43:43,305 INFO  - Result for 4	 is 86
2015-09-04 16:43:43,305 INFO  - Result for 5	 is 534
2015-09-04 16:43:43,306 INFO  - Result for 6	 is 3481
2015-09-04 16:43:43,306 INFO  - Finished running algorithm
2015-09-04 16:43:43,306 INFO  - Program finished
2015-09-04 16:43:47,677 INFO  - Starting program. Client version: 2.0
2015-09-04 16:43:47,678 INFO  - Parsing command line parameters...
2015-09-04 16:43:47,679 INFO  - Running algorithm "fixed 2d"...
2015-09-04 16:43:47,681 INFO  - Printing results...
2015-09-04 16:43:47,682 INFO  - Result for 0	is 0
2015-09-04 16:43:47,682 INFO  - Result for 1	is 1
2015-09-04 16:43:47,682 INFO  - Result for 2	is 2
2015-09-04 16:43:47,683 INFO  - Result for 3	is 6
2015-09-04 16:43:47,683 INFO  - Result for 4	is 19
2015-09-04 16:43:47,688 INFO  - Result for 5	is 63
2015-09-04 16:43:47,688 INFO  - Result for 6	is 216
2015-09-04 16:43:47,688 INFO  - XXXX 0	is 0
2015-09-04 16:43:47,688 INFO  - XXXX 1	is 1
2015-09-04 16:43:47,689 INFO  - XXXX 2	is 2
2015-09-04 16:43:47,689 INFO  - XXXX 3	is 6
2015-09-04 16:43:47,689 INFO  - XXXX 4	is 19
2015-09-04 16:43:47,695 INFO  - XXXX 5	is 63
2015-09-04 16:43:47,696 INFO  - XXXX 6	is 216
2015-09-04 16:43:47,696 INFO  - YYYY 0	is 0
2015-09-04 16:43:47,696 INFO  - YYYY 1	is 1
2015-09-04 16:43:47,696 INFO  - YYYY 2	is 2
2015-09-04 16:43:47,696 INFO  - YYYY 3	is 6
2015-09-04 16:43:47,697 INFO  - YYYY 4	is 19
2015-09-04 16:43:47,697 INFO  - YYYY 5	is 63
2015-09-04 16:43:47,697 INFO  - YYYY 6	is 216
2015-09-04 16:43:47,697 INFO  - Result for 1	 is 1
2015-09-04 16:43:47,698 INFO  - Result for 2	 is 2
2015-09-04 16:43:47,698 INFO  - Result for 3	 is 6
2015-09-04 16:43:47,698 INFO  - Result for 4	 is 19
2015-09-04 16:43:47,698 INFO  - Result for 5	 is 63
2015-09-04 16:43:47,702 INFO  - Result for 6	 is 216
2015-09-04 16:43:47,703 INFO  - Finished running algorithm
2015-09-04 16:43:47,703 INFO  - Program finished
2015-09-04 16:55:12,470 INFO  - Starting program. Client version: 2.0
2015-09-04 16:55:12,471 INFO  - Parsing command line parameters...
2015-09-04 16:55:12,471 INFO  - Running algorithm "fixed 2d"...
2015-09-04 16:55:12,473 INFO  - Printing results...
2015-09-04 16:55:12,475 INFO  - Result for 0	is 0
2015-09-04 16:55:12,475 INFO  - Result for 1	is 1
2015-09-04 16:55:12,475 INFO  - Result for 2	is 2
2015-09-04 16:55:12,475 INFO  - Result for 3	is 6
2015-09-04 16:55:12,476 INFO  - Result for 4	is 19
2015-09-04 16:55:12,476 INFO  - Result for 5	is 63
2015-09-04 16:55:12,476 INFO  - Result for 6	is 216
2015-09-04 16:55:12,476 INFO  - XXXX 0	is 0
2015-09-04 16:55:12,476 INFO  - XXXX 1	is 1
2015-09-04 16:55:12,476 INFO  - XXXX 2	is 2
2015-09-04 16:55:12,476 INFO  - XXXX 3	is 6
2015-09-04 16:55:12,476 INFO  - XXXX 4	is 19
2015-09-04 16:55:12,476 INFO  - XXXX 5	is 63
2015-09-04 16:55:12,476 INFO  - XXXX 6	is 216
2015-09-04 16:55:12,476 INFO  - YYYY 0	is 0
2015-09-04 16:55:12,476 INFO  - YYYY 1	is 1
2015-09-04 16:55:12,476 INFO  - YYYY 2	is 2
2015-09-04 16:55:12,476 INFO  - YYYY 3	is 6
2015-09-04 16:55:12,476 INFO  - YYYY 4	is 19
2015-09-04 16:55:12,476 INFO  - YYYY 5	is 63
2015-09-04 16:55:12,476 INFO  - YYYY 6	is 216
2015-09-04 16:55:12,476 INFO  - Result for 1	 is 1
2015-09-04 16:55:12,476 INFO  - Result for 2	 is 2
2015-09-04 16:55:12,477 INFO  - Result for 3	 is 6
2015-09-04 16:55:12,477 INFO  - Result for 4	 is 19
2015-09-04 16:55:12,477 INFO  - Result for 5	 is 63
2015-09-04 16:55:12,477 INFO  - Result for 6	 is 216
2015-09-04 16:55:12,477 INFO  - Finished running algorithm
2015-09-04 16:55:12,477 INFO  - Program finished
2015-09-04 16:55:16,998 INFO  - Printing results...
2015-09-04 16:55:16,998 INFO  - Result for 0	is 0
2015-09-04 16:55:16,999 INFO  - Result for 1	is 1
2015-09-04 16:55:16,999 INFO  - Result for 2	is 0
2015-09-04 16:55:16,999 INFO  - Result for 3	is 0
2015-09-04 16:55:16,999 INFO  - Result for 4	is 0
2015-09-04 16:55:17,000 INFO  - Result for 5	is 0
2015-09-04 16:55:17,000 INFO  - Result for 6	is 0
2015-09-04 16:55:17,000 INFO  - Result for 7	is 0
2015-09-04 16:55:17,001 INFO  - Result for 8	is 0
2015-09-04 16:55:17,001 INFO  - Result for 9	is 0
2015-09-04 16:55:17,001 INFO  - Result for 10	is 0
2015-09-04 16:55:17,001 INFO  - XXXX 0	is 0
2015-09-04 16:55:17,002 INFO  - XXXX 1	is 1
2015-09-04 16:55:17,003 INFO  - XXXX 2	is 0
2015-09-04 16:55:17,003 INFO  - XXXX 3	is 0
2015-09-04 16:55:17,003 INFO  - XXXX 4	is 0
2015-09-04 16:55:17,004 INFO  - XXXX 5	is 0
2015-09-04 16:55:17,004 INFO  - XXXX 6	is 0
2015-09-04 16:55:17,004 INFO  - XXXX 7	is 0
2015-09-04 16:55:17,004 INFO  - XXXX 8	is 0
2015-09-04 16:55:17,005 INFO  - XXXX 9	is 0
2015-09-04 16:55:17,005 INFO  - XXXX 10	is 0
2015-09-04 16:55:17,005 INFO  - YYYY 0	is 0
2015-09-04 16:55:17,005 INFO  - YYYY 1	is 1
2015-09-04 16:55:17,006 INFO  - YYYY 2	is 0
2015-09-04 16:55:17,006 INFO  - YYYY 3	is 0
2015-09-04 16:55:17,006 INFO  - YYYY 4	is 0
2015-09-04 16:55:17,014 INFO  - YYYY 5	is 0
2015-09-04 16:55:17,015 INFO  - YYYY 6	is 0
2015-09-04 16:55:17,015 INFO  - YYYY 7	is 0
2015-09-04 16:55:17,015 INFO  - YYYY 8	is 0
2015-09-04 16:55:17,015 INFO  - YYYY 9	is 0
2015-09-04 16:55:17,015 INFO  - YYYY 10	is 0
2015-09-04 16:56:40,489 INFO  - Starting program. Client version: 2.0
2015-09-04 16:56:40,490 INFO  - Parsing command line parameters...
2015-09-04 16:56:40,490 INFO  - Running algorithm "weakly convex fixed 2d"...
2015-09-04 16:56:40,493 INFO  - Printing results...
2015-09-04 16:56:40,493 INFO  - Result for 0	is 0
2015-09-04 16:56:40,493 INFO  - Result for 1	is 1
2015-09-04 16:56:40,493 INFO  - Result for 2	is 2
2015-09-04 16:56:40,493 INFO  - Result for 3	is 6
2015-09-04 16:56:40,493 INFO  - Result for 4	is 19
2015-09-04 16:56:40,493 INFO  - Result for 5	is 59
2015-09-04 16:56:40,493 INFO  - Result for 6	is 176
2015-09-04 16:56:40,493 INFO  - XXXX 0	is 0
2015-09-04 16:56:40,493 INFO  - XXXX 1	is 1
2015-09-04 16:56:40,493 INFO  - XXXX 2	is 2
2015-09-04 16:56:40,493 INFO  - XXXX 3	is 6
2015-09-04 16:56:40,493 INFO  - XXXX 4	is 19
2015-09-04 16:56:40,493 INFO  - XXXX 5	is 59
2015-09-04 16:56:40,493 INFO  - XXXX 6	is 176
2015-09-04 16:56:40,493 INFO  - YYYY 0	is 0
2015-09-04 16:56:40,493 INFO  - YYYY 1	is 1
2015-09-04 16:56:40,493 INFO  - YYYY 2	is 2
2015-09-04 16:56:40,493 INFO  - YYYY 3	is 6
2015-09-04 16:56:40,493 INFO  - YYYY 4	is 19
2015-09-04 16:56:40,493 INFO  - YYYY 5	is 59
2015-09-04 16:56:40,493 INFO  - YYYY 6	is 176
2015-09-04 16:56:40,493 INFO  - Result for 1	 is 1
2015-09-04 16:56:40,493 INFO  - Result for 2	 is 2
2015-09-04 16:56:40,493 INFO  - Result for 3	 is 6
2015-09-04 16:56:40,493 INFO  - Result for 4	 is 19
2015-09-04 16:56:40,493 INFO  - Result for 5	 is 59
2015-09-04 16:56:40,493 INFO  - Result for 6	 is 176
2015-09-04 16:56:40,493 INFO  - Finished running algorithm
2015-09-04 16:56:40,493 INFO  - Program finished
2015-09-04 16:56:43,712 INFO  - Starting program. Client version: 2.0
2015-09-04 16:56:43,713 INFO  - Parsing command line parameters...
2015-09-04 16:56:43,713 INFO  - Running algorithm "weakly convex fixed 2d"...
2015-09-04 16:56:43,837 INFO  - Printing results...
2015-09-04 16:56:43,837 INFO  - Result for 0	is 0
2015-09-04 16:56:43,837 INFO  - Result for 1	is 1
2015-09-04 16:56:43,837 INFO  - Result for 2	is 2
2015-09-04 16:56:43,837 INFO  - Result for 3	is 6
2015-09-04 16:56:43,837 INFO  - Result for 4	is 19
2015-09-04 16:56:43,837 INFO  - Result for 5	is 59
2015-09-04 16:56:43,837 INFO  - Result for 6	is 176
2015-09-04 16:56:43,837 INFO  - Result for 7	is 502
2015-09-04 16:56:43,837 INFO  - Result for 8	is 1374
2015-09-04 16:56:43,837 INFO  - Result for 9	is 3630
2015-09-04 16:56:43,838 INFO  - Result for 10	is 9312
2015-09-04 16:56:43,838 INFO  - XXXX 0	is 0
2015-09-04 16:56:43,838 INFO  - XXXX 1	is 1
2015-09-04 16:56:43,838 INFO  - XXXX 2	is 2
2015-09-04 16:56:43,838 INFO  - XXXX 3	is 6
2015-09-04 16:56:43,838 INFO  - XXXX 4	is 19
2015-09-04 16:56:43,838 INFO  - XXXX 5	is 59
2015-09-04 16:56:43,838 INFO  - XXXX 6	is 176
2015-09-04 16:56:43,838 INFO  - XXXX 7	is 502
2015-09-04 16:56:43,838 INFO  - XXXX 8	is 1374
2015-09-04 16:56:43,838 INFO  - XXXX 9	is 3630
2015-09-04 16:56:43,838 INFO  - XXXX 10	is 9312
2015-09-04 16:56:43,838 INFO  - YYYY 0	is 0
2015-09-04 16:56:43,838 INFO  - YYYY 1	is 1
2015-09-04 16:56:43,838 INFO  - YYYY 2	is 2
2015-09-04 16:56:43,838 INFO  - YYYY 3	is 6
2015-09-04 16:56:43,838 INFO  - YYYY 4	is 19
2015-09-04 16:56:43,838 INFO  - YYYY 5	is 59
2015-09-04 16:56:43,838 INFO  - YYYY 6	is 176
2015-09-04 16:56:43,838 INFO  - YYYY 7	is 502
2015-09-04 16:56:43,838 INFO  - YYYY 8	is 1374
2015-09-04 16:56:43,838 INFO  - YYYY 9	is 3630
2015-09-04 16:56:43,838 INFO  - YYYY 10	is 9312
2015-09-04 16:56:43,839 INFO  - Result for 1	 is 1
2015-09-04 16:56:43,839 INFO  - Result for 2	 is 2
2015-09-04 16:56:43,839 INFO  - Result for 3	 is 6
2015-09-04 16:56:43,839 INFO  - Result for 4	 is 19
2015-09-04 16:56:43,839 INFO  - Result for 5	 is 59
2015-09-04 16:56:43,839 INFO  - Result for 6	 is 176
2015-09-04 16:56:43,839 INFO  - Result for 7	 is 502
2015-09-04 16:56:43,839 INFO  - Result for 8	 is 1374
2015-09-04 16:56:43,839 INFO  - Result for 9	 is 3630
2015-09-04 16:56:43,839 INFO  - Result for 10	 is 9312
2015-09-04 16:56:43,839 INFO  - Finished running algorithm
2015-09-04 16:56:43,839 INFO  - Program finished
2015-09-04 16:57:27,057 INFO  - Printing results...
2015-09-04 16:57:27,057 INFO  - Result for 0	is 0
2015-09-04 16:57:27,057 INFO  - Result for 1	is 1
2015-09-04 16:57:27,057 INFO  - Result for 2	is 0
2015-09-04 16:57:27,057 INFO  - Result for 3	is 0
2015-09-04 16:57:27,058 INFO  - Result for 4	is 0
2015-09-04 16:57:27,058 INFO  - Result for 5	is 0
2015-09-04 16:57:27,058 INFO  - Result for 6	is 0
2015-09-04 16:57:27,058 INFO  - Result for 7	is 0
2015-09-04 16:57:27,059 INFO  - Result for 8	is 0
2015-09-04 16:57:27,059 INFO  - Result for 9	is 0
2015-09-04 16:57:27,059 INFO  - Result for 10	is 0
2015-09-04 16:57:27,059 INFO  - XXXX 0	is 0
2015-09-04 16:57:27,060 INFO  - XXXX 1	is 1
2015-09-04 16:57:27,060 INFO  - XXXX 2	is 0
2015-09-04 16:57:27,060 INFO  - XXXX 3	is 0
2015-09-04 16:57:27,060 INFO  - XXXX 4	is 0
2015-09-04 16:57:27,062 INFO  - XXXX 5	is 0
2015-09-04 16:57:27,062 INFO  - XXXX 6	is 0
2015-09-04 16:57:27,062 INFO  - XXXX 7	is 0
2015-09-04 16:57:27,062 INFO  - XXXX 8	is 0
2015-09-04 16:57:27,062 INFO  - XXXX 9	is 0
2015-09-04 16:57:27,062 INFO  - XXXX 10	is 0
2015-09-04 16:57:27,062 INFO  - YYYY 0	is 0
2015-09-04 16:57:27,062 INFO  - YYYY 1	is 1
2015-09-04 16:57:27,062 INFO  - YYYY 2	is 0
2015-09-04 16:57:27,062 INFO  - YYYY 3	is 0
2015-09-04 16:57:27,062 INFO  - YYYY 4	is 0
2015-09-04 16:57:27,062 INFO  - YYYY 5	is 0
2015-09-04 16:57:27,062 INFO  - YYYY 6	is 0
2015-09-04 16:57:27,062 INFO  - YYYY 7	is 0
2015-09-04 16:57:27,062 INFO  - YYYY 8	is 0
2015-09-04 16:57:27,062 INFO  - YYYY 9	is 0
2015-09-04 16:57:27,062 INFO  - YYYY 10	is 0
2015-09-04 16:58:28,711 INFO  - Printing results...
2015-09-04 16:58:28,711 INFO  - Result for 0	is 0
2015-09-04 16:58:28,712 INFO  - Result for 1	is 1
2015-09-04 16:58:28,712 INFO  - Result for 2	is 0
2015-09-04 16:58:28,712 INFO  - Result for 3	is 0
2015-09-04 16:58:28,712 INFO  - Result for 4	is 0
2015-09-04 16:58:28,712 INFO  - Result for 5	is 0
2015-09-04 16:58:28,713 INFO  - Result for 6	is 0
2015-09-04 16:58:28,713 INFO  - Result for 7	is 0
2015-09-04 16:58:28,713 INFO  - Result for 8	is 0
2015-09-04 16:58:28,713 INFO  - Result for 9	is 0
2015-09-04 16:58:28,713 INFO  - Result for 10	is 0
2015-09-04 16:58:28,714 INFO  - XXXX 0	is 0
2015-09-04 16:58:28,714 INFO  - XXXX 1	is 1
2015-09-04 16:58:28,714 INFO  - XXXX 2	is 0
2015-09-04 16:58:28,714 INFO  - XXXX 3	is 0
2015-09-04 16:58:28,714 INFO  - XXXX 4	is 0
2015-09-04 16:58:28,715 INFO  - XXXX 5	is 0
2015-09-04 16:58:28,715 INFO  - XXXX 6	is 0
2015-09-04 16:58:28,716 INFO  - XXXX 7	is 0
2015-09-04 16:58:28,716 INFO  - XXXX 8	is 0
2015-09-04 16:58:28,716 INFO  - XXXX 9	is 0
2015-09-04 16:58:28,716 INFO  - XXXX 10	is 0
2015-09-04 16:58:28,716 INFO  - YYYY 0	is 0
2015-09-04 16:58:28,716 INFO  - YYYY 1	is 1
2015-09-04 16:58:28,717 INFO  - YYYY 2	is 0
2015-09-04 16:58:28,717 INFO  - YYYY 3	is 0
2015-09-04 16:58:28,717 INFO  - YYYY 4	is 0
2015-09-04 16:58:28,717 INFO  - YYYY 5	is 0
2015-09-04 16:58:28,717 INFO  - YYYY 6	is 0
2015-09-04 16:58:28,718 INFO  - YYYY 7	is 0
2015-09-04 16:58:28,718 INFO  - YYYY 8	is 0
2015-09-04 16:58:28,718 INFO  - YYYY 9	is 0
2015-09-04 16:58:28,718 INFO  - YYYY 10	is 0
2015-09-04 17:01:35,400 INFO  - Printing results...
2015-09-04 17:01:35,400 INFO  - Result for 0	is 0
2015-09-04 17:01:35,400 INFO  - Result for 1	is 1
2015-09-04 17:01:35,400 INFO  - Result for 2	is 0
2015-09-04 17:01:35,400 INFO  - Result for 3	is 0
2015-09-04 17:01:35,400 INFO  - Result for 4	is 0
2015-09-04 17:01:35,400 INFO  - Result for 5	is 0
2015-09-04 17:01:35,400 INFO  - Result for 6	is 0
2015-09-04 17:01:35,400 INFO  - Result for 7	is 0
2015-09-04 17:01:35,400 INFO  - Result for 8	is 0
2015-09-04 17:01:35,400 INFO  - Result for 9	is 0
2015-09-04 17:01:35,400 INFO  - Result for 10	is 0
2015-09-04 17:01:36,677 INFO  - XXXX 0	is 0
2015-09-04 17:01:36,677 INFO  - XXXX 1	is 1
2015-09-04 17:01:36,677 INFO  - XXXX 2	is 0
2015-09-04 17:01:36,677 INFO  - XXXX 3	is 0
2015-09-04 17:01:36,678 INFO  - XXXX 4	is 0
2015-09-04 17:01:36,678 INFO  - XXXX 5	is 0
2015-09-04 17:01:36,678 INFO  - XXXX 6	is 0
2015-09-04 17:01:36,678 INFO  - XXXX 7	is 0
2015-09-04 17:01:36,678 INFO  - XXXX 8	is 0
2015-09-04 17:01:36,678 INFO  - XXXX 9	is 0
2015-09-04 17:01:36,678 INFO  - XXXX 10	is 0
2015-09-04 17:01:36,678 INFO  - YYYY 0	is 0
2015-09-04 17:01:36,678 INFO  - YYYY 1	is 1
2015-09-04 17:01:36,678 INFO  - YYYY 2	is 0
2015-09-04 17:01:36,678 INFO  - YYYY 3	is 0
2015-09-04 17:01:36,678 INFO  - YYYY 4	is 0
2015-09-04 17:01:36,678 INFO  - YYYY 5	is 0
2015-09-04 17:01:36,678 INFO  - YYYY 6	is 0
2015-09-04 17:01:36,678 INFO  - YYYY 7	is 0
2015-09-04 17:01:36,678 INFO  - YYYY 8	is 0
2015-09-04 17:01:36,678 INFO  - YYYY 9	is 0
2015-09-04 17:01:36,678 INFO  - YYYY 10	is 0
2015-09-04 17:02:38,914 INFO  - Starting program. Client version: 2.0
2015-09-04 17:02:38,915 INFO  - Parsing command line parameters...
2015-09-04 17:02:38,915 INFO  - Running algorithm "weakly convex fixed 3d"...
2015-09-04 17:02:52,460 INFO  - Starting program. Client version: 2.0
2015-09-04 17:02:52,460 INFO  - Parsing command line parameters...
2015-09-04 17:02:52,460 INFO  - Running algorithm "weakly convex fixed 3d"...
2015-09-04 17:02:52,462 INFO  - Printing results...
2015-09-04 17:02:52,462 INFO  - Result for 0	is 0
2015-09-04 17:02:52,462 INFO  - Result for 1	is 1
2015-09-04 17:02:52,462 INFO  - Result for 2	is 3
2015-09-04 17:02:52,462 INFO  - Result for 3	is 15
2015-09-04 17:02:52,462 INFO  - XXXX 0	is 0
2015-09-04 17:02:52,462 INFO  - XXXX 1	is 1
2015-09-04 17:02:52,462 INFO  - XXXX 2	is 3
2015-09-04 17:02:52,463 INFO  - XXXX 3	is 15
2015-09-04 17:02:52,463 INFO  - YYYY 0	is 0
2015-09-04 17:02:52,463 INFO  - YYYY 1	is 1
2015-09-04 17:02:52,463 INFO  - YYYY 2	is 3
2015-09-04 17:02:52,463 INFO  - YYYY 3	is 15
2015-09-04 17:02:52,463 INFO  - Result for 1	 is 1
2015-09-04 17:02:52,463 INFO  - Result for 2	 is 3
2015-09-04 17:02:52,463 INFO  - Result for 3	 is 15
2015-09-04 17:02:52,463 INFO  - Finished running algorithm
2015-09-04 17:02:52,463 INFO  - Program finished
2015-09-04 17:04:18,476 INFO  - Starting program. Client version: 2.0
2015-09-04 17:04:18,476 INFO  - Parsing command line parameters...
2015-09-04 17:04:18,476 INFO  - Running algorithm "weakly convex fixed 3d"...
2015-09-04 17:19:43,200 INFO  - Printing results...
2015-09-04 17:19:43,200 INFO  - Result for 0	is 0
2015-09-04 17:19:43,200 INFO  - Result for 1	is 1
2015-09-04 17:19:43,200 INFO  - Result for 2	is 2
2015-09-04 17:19:43,200 INFO  - Result for 3	is 6
2015-09-04 17:19:43,200 INFO  - Result for 4	is 19
2015-09-04 17:19:43,200 INFO  - Result for 5	is 59
2015-09-04 17:19:43,201 INFO  - Result for 6	is 176
2015-09-04 17:19:43,201 INFO  - Result for 7	is 502
2015-09-04 17:19:43,201 INFO  - Result for 8	is 1374
2015-09-04 17:19:43,201 INFO  - Result for 9	is 3630
2015-09-04 17:19:43,201 INFO  - Result for 10	is 9312
2015-09-04 17:19:43,201 INFO  - XXXX 0	is 0
2015-09-04 17:19:43,201 INFO  - XXXX 1	is 1
2015-09-04 17:19:43,201 INFO  - XXXX 2	is 2
2015-09-04 17:19:43,201 INFO  - XXXX 3	is 6
2015-09-04 17:19:43,201 INFO  - XXXX 4	is 19
2015-09-04 17:19:43,201 INFO  - XXXX 5	is 59
2015-09-04 17:19:43,201 INFO  - XXXX 6	is 176
2015-09-04 17:19:43,201 INFO  - XXXX 7	is 502
2015-09-04 17:19:43,201 INFO  - XXXX 8	is 1374
2015-09-04 17:19:43,201 INFO  - XXXX 9	is 3630
2015-09-04 17:19:43,201 INFO  - XXXX 10	is 9312
2015-09-04 17:19:43,201 INFO  - YYYY 0	is 0
2015-09-04 17:19:43,201 INFO  - YYYY 1	is 1
2015-09-04 17:19:43,201 INFO  - YYYY 2	is 2
2015-09-04 17:19:43,201 INFO  - YYYY 3	is 6
2015-09-04 17:19:43,201 INFO  - YYYY 4	is 19
2015-09-04 17:19:43,202 INFO  - YYYY 5	is 59
2015-09-04 17:19:43,202 INFO  - YYYY 6	is 176
2015-09-04 17:19:43,202 INFO  - YYYY 7	is 502
2015-09-04 17:19:43,202 INFO  - YYYY 8	is 1374
2015-09-04 17:19:43,202 INFO  - YYYY 9	is 3630
2015-09-04 17:19:43,202 INFO  - YYYY 10	is 9312
2015-09-04 17:21:34,160 INFO  - Starting program. Client version: 2.0
2015-09-04 17:21:34,160 INFO  - Parsing command line parameters...
2015-09-04 17:21:34,181 ERROR - Can not parse command line parameters
2015-09-04 17:22:13,011 INFO  - Starting program. Client version: 2.0
2015-09-04 17:22:13,013 INFO  - Parsing command line parameters...
2015-09-04 17:22:13,013 INFO  - Running algorithm "weakly convex fixed 2d"...
2015-09-04 17:22:13,034 INFO  - Printing results...
2015-09-04 17:22:13,037 INFO  - Result for 0	is 0
2015-09-04 17:22:13,037 INFO  - Result for 1	is 1
2015-09-04 17:22:13,037 INFO  - Result for 2	is 2
2015-09-04 17:22:13,037 INFO  - Result for 3	is 6
2015-09-04 17:22:13,037 INFO  - Result for 4	is 19
2015-09-04 17:22:13,038 INFO  - Result for 5	is 59
2015-09-04 17:22:13,038 INFO  - Result for 6	is 176
2015-09-04 17:22:13,038 INFO  - Result for 7	is 502
2015-09-04 17:22:13,038 INFO  - Result for 8	is 1374
2015-09-04 17:22:13,038 INFO  - XXXX 0	is 0
2015-09-04 17:22:13,038 INFO  - XXXX 1	is 1
2015-09-04 17:22:13,038 INFO  - XXXX 2	is 2
2015-09-04 17:22:13,038 INFO  - XXXX 3	is 6
2015-09-04 17:22:13,038 INFO  - XXXX 4	is 19
2015-09-04 17:22:13,038 INFO  - XXXX 5	is 59
2015-09-04 17:22:13,038 INFO  - XXXX 6	is 176
2015-09-04 17:22:13,038 INFO  - XXXX 7	is 502
2015-09-04 17:22:13,038 INFO  - XXXX 8	is 1374
2015-09-04 17:22:13,038 INFO  - YYYY 0	is 0
2015-09-04 17:22:13,038 INFO  - YYYY 1	is 1
2015-09-04 17:22:13,038 INFO  - YYYY 2	is 2
2015-09-04 17:22:13,038 INFO  - YYYY 3	is 6
2015-09-04 17:22:13,038 INFO  - YYYY 4	is 19
2015-09-04 17:22:13,038 INFO  - YYYY 5	is 59
2015-09-04 17:22:13,038 INFO  - YYYY 6	is 176
2015-09-04 17:22:13,039 INFO  - YYYY 7	is 502
2015-09-04 17:22:13,039 INFO  - YYYY 8	is 1374
2015-09-04 17:22:13,039 INFO  - Result for 1	 is 1
2015-09-04 17:22:13,039 INFO  - Result for 2	 is 2
2015-09-04 17:22:13,039 INFO  - Result for 3	 is 6
2015-09-04 17:22:13,039 INFO  - Result for 4	 is 19
2015-09-04 17:22:13,039 INFO  - Result for 5	 is 59
2015-09-04 17:22:13,039 INFO  - Result for 6	 is 176
2015-09-04 17:22:13,039 INFO  - Result for 7	 is 502
2015-09-04 17:22:13,039 INFO  - Result for 8	 is 1374
2015-09-04 17:22:13,039 INFO  - Finished running algorithm
2015-09-04 17:22:13,039 INFO  - Program finished
2015-09-04 17:22:28,743 INFO  - Starting program. Client version: 2.0
2015-09-04 17:22:28,743 INFO  - Parsing command line parameters...
2015-09-04 17:22:28,743 INFO  - Running algorithm "weakly convex fixed 3d"...
2015-09-04 17:22:29,467 INFO  - Printing results...
2015-09-04 17:22:29,467 INFO  - Result for 0	is 0
2015-09-04 17:22:29,467 INFO  - Result for 1	is 1
2015-09-04 17:22:29,467 INFO  - Result for 2	is 3
2015-09-04 17:22:29,467 INFO  - Result for 3	is 15
2015-09-04 17:22:29,468 INFO  - Result for 4	is 86
2015-09-04 17:22:29,468 INFO  - Result for 5	is 522
2015-09-04 17:22:29,468 INFO  - Result for 6	is 3241
2015-09-04 17:22:29,468 INFO  - Result for 7	is 20256
2015-09-04 17:22:29,468 INFO  - Result for 8	is 126520
2015-09-04 17:22:29,469 INFO  - XXXX 0	is 0
2015-09-04 17:22:29,469 INFO  - XXXX 1	is 1
2015-09-04 17:22:29,469 INFO  - XXXX 2	is 3
2015-09-04 17:22:29,469 INFO  - XXXX 3	is 15
2015-09-04 17:22:29,470 INFO  - XXXX 4	is 86
2015-09-04 17:22:29,470 INFO  - XXXX 5	is 522
2015-09-04 17:22:29,470 INFO  - XXXX 6	is 3241
2015-09-04 17:22:29,470 INFO  - XXXX 7	is 20256
2015-09-04 17:22:29,470 INFO  - XXXX 8	is 126520
2015-09-04 17:22:29,470 INFO  - YYYY 0	is 0
2015-09-04 17:22:29,471 INFO  - YYYY 1	is 1
2015-09-04 17:22:29,471 INFO  - YYYY 2	is 3
2015-09-04 17:22:29,471 INFO  - YYYY 3	is 15
2015-09-04 17:22:29,471 INFO  - YYYY 4	is 86
2015-09-04 17:22:29,472 INFO  - YYYY 5	is 522
2015-09-04 17:22:29,472 INFO  - YYYY 6	is 3241
2015-09-04 17:22:29,472 INFO  - YYYY 7	is 20256
2015-09-04 17:22:29,472 INFO  - YYYY 8	is 126520
2015-09-04 17:22:29,474 INFO  - Result for 1	 is 1
2015-09-04 17:22:29,474 INFO  - Result for 2	 is 3
2015-09-04 17:22:29,474 INFO  - Result for 3	 is 15
2015-09-04 17:22:29,474 INFO  - Result for 4	 is 86
2015-09-04 17:22:29,474 INFO  - Result for 5	 is 522
2015-09-04 17:22:29,475 INFO  - Result for 6	 is 3241
2015-09-04 17:22:29,475 INFO  - Result for 7	 is 20256
2015-09-04 17:22:29,475 INFO  - Result for 8	 is 126520
2015-09-04 17:22:29,475 INFO  - Finished running algorithm
2015-09-04 17:22:29,475 INFO  - Program finished
2015-09-04 17:22:38,135 INFO  - Starting program. Client version: 2.0
2015-09-04 17:22:38,137 INFO  - Parsing command line parameters...
2015-09-04 17:22:38,138 INFO  - Running algorithm "fixed 2d"...
2015-09-04 17:22:38,169 INFO  - Printing results...
2015-09-04 17:22:38,170 INFO  - Result for 0	is 0
2015-09-04 17:22:38,170 INFO  - Result for 1	is 1
2015-09-04 17:22:38,170 INFO  - Result for 2	is 2
2015-09-04 17:22:38,170 INFO  - Result for 3	is 6
2015-09-04 17:22:38,171 INFO  - Result for 4	is 19
2015-09-04 17:22:38,171 INFO  - Result for 5	is 63
2015-09-04 17:22:38,171 INFO  - Result for 6	is 216
2015-09-04 17:22:38,172 INFO  - Result for 7	is 760
2015-09-04 17:22:38,172 INFO  - Result for 8	is 2725
2015-09-04 17:22:38,172 INFO  - XXXX 0	is 0
2015-09-04 17:22:38,173 INFO  - XXXX 1	is 1
2015-09-04 17:22:38,173 INFO  - XXXX 2	is 2
2015-09-04 17:22:38,173 INFO  - XXXX 3	is 6
2015-09-04 17:22:38,174 INFO  - XXXX 4	is 19
2015-09-04 17:22:38,174 INFO  - XXXX 5	is 63
2015-09-04 17:22:38,174 INFO  - XXXX 6	is 216
2015-09-04 17:22:38,174 INFO  - XXXX 7	is 760
2015-09-04 17:22:38,175 INFO  - XXXX 8	is 2725
2015-09-04 17:22:38,175 INFO  - YYYY 0	is 0
2015-09-04 17:22:38,175 INFO  - YYYY 1	is 1
2015-09-04 17:22:38,177 INFO  - YYYY 2	is 2
2015-09-04 17:22:38,177 INFO  - YYYY 3	is 6
2015-09-04 17:22:38,177 INFO  - YYYY 4	is 19
2015-09-04 17:22:38,177 INFO  - YYYY 5	is 63
2015-09-04 17:22:38,177 INFO  - YYYY 6	is 216
2015-09-04 17:22:38,177 INFO  - YYYY 7	is 760
2015-09-04 17:22:38,177 INFO  - YYYY 8	is 2725
2015-09-04 17:22:38,178 INFO  - Result for 1	 is 1
2015-09-04 17:22:38,178 INFO  - Result for 2	 is 2
2015-09-04 17:22:38,178 INFO  - Result for 3	 is 6
2015-09-04 17:22:38,178 INFO  - Result for 4	 is 19
2015-09-04 17:22:38,178 INFO  - Result for 5	 is 63
2015-09-04 17:22:38,178 INFO  - Result for 6	 is 216
2015-09-04 17:22:38,178 INFO  - Result for 7	 is 760
2015-09-04 17:22:38,178 INFO  - Result for 8	 is 2725
2015-09-04 17:22:38,178 INFO  - Finished running algorithm
2015-09-04 17:22:38,178 INFO  - Program finished
2015-09-04 17:24:34,995 INFO  - Printing results...
2015-09-04 17:24:34,996 INFO  - Result for 0	is 0
2015-09-04 17:24:34,996 INFO  - Result for 1	is 1
2015-09-04 17:24:34,996 INFO  - Result for 2	is 2
2015-09-04 17:24:34,997 INFO  - Result for 3	is 6
2015-09-04 17:24:34,997 INFO  - Result for 4	is 19
2015-09-04 17:24:34,997 INFO  - Result for 5	is 59
2015-09-04 17:24:34,997 INFO  - Result for 6	is 176
2015-09-04 17:24:34,997 INFO  - Result for 7	is 502
2015-09-04 17:24:34,998 INFO  - Result for 8	is 1374
2015-09-04 17:24:34,998 INFO  - Result for 9	is 3630
2015-09-04 17:24:34,998 INFO  - Result for 10	is 9312
2015-09-04 17:24:34,998 INFO  - XXXX 0	is 0
2015-09-04 17:24:34,998 INFO  - XXXX 1	is 1
2015-09-04 17:24:34,999 INFO  - XXXX 2	is 2
2015-09-04 17:24:34,999 INFO  - XXXX 3	is 6
2015-09-04 17:24:34,999 INFO  - XXXX 4	is 19
2015-09-04 17:24:34,999 INFO  - XXXX 5	is 59
2015-09-04 17:24:34,999 INFO  - XXXX 6	is 176
2015-09-04 17:24:35,000 INFO  - XXXX 7	is 502
2015-09-04 17:24:35,000 INFO  - XXXX 8	is 1374
2015-09-04 17:24:35,000 INFO  - XXXX 9	is 3630
2015-09-04 17:24:35,000 INFO  - XXXX 10	is 9312
2015-09-04 17:24:35,000 INFO  - YYYY 0	is 0
2015-09-04 17:24:35,001 INFO  - YYYY 1	is 1
2015-09-04 17:24:35,001 INFO  - YYYY 2	is 2
2015-09-04 17:24:35,001 INFO  - YYYY 3	is 6
2015-09-04 17:24:35,001 INFO  - YYYY 4	is 19
2015-09-04 17:24:35,001 INFO  - YYYY 5	is 59
2015-09-04 17:24:35,002 INFO  - YYYY 6	is 176
2015-09-04 17:24:35,002 INFO  - YYYY 7	is 502
2015-09-04 17:24:35,002 INFO  - YYYY 8	is 1374
2015-09-04 17:24:35,002 INFO  - YYYY 9	is 3630
2015-09-04 17:24:35,002 INFO  - YYYY 10	is 9312
2015-09-04 17:48:14,322 INFO  - Starting program. Client version: 2.0
2015-09-04 17:48:14,322 INFO  - Parsing command line parameters...
2015-09-04 17:48:14,322 INFO  - Will attempt to recieve job from server...
2015-09-04 17:48:14,322 INFO  - Connecting to melon:8000...
2015-09-04 17:48:14,323 ERROR - ERROR connecting: Connection refused
2015-09-04 17:48:20,279 INFO  - Printing results...
2015-09-04 17:48:20,279 INFO  - Result for 0	is 0
2015-09-04 17:48:20,279 INFO  - Result for 1	is 1
2015-09-04 17:48:20,279 INFO  - Result for 2	is 2
2015-09-04 17:48:20,279 INFO  - Result for 3	is 6
2015-09-04 17:48:20,279 INFO  - Result for 4	is 19
2015-09-04 17:48:20,279 INFO  - Result for 5	is 63
2015-09-04 17:48:20,279 INFO  - Result for 6	is 216
2015-09-04 17:48:20,279 INFO  - Result for 7	is 760
2015-09-04 17:48:20,279 INFO  - Result for 8	is 2725
2015-09-04 17:48:20,279 INFO  - Result for 9	is 9910
2015-09-04 17:48:20,279 INFO  - Result for 10	is 36446
2015-09-04 17:49:40,891 INFO  - Starting program. Client version: 2.0
2015-09-04 17:49:40,899 INFO  - Parsing command line parameters...
2015-09-04 17:49:40,910 ERROR - Can not parse command line parameters
2015-09-04 17:49:47,120 INFO  - Starting program. Client version: 2.0
2015-09-04 17:49:47,120 INFO  - Parsing command line parameters...
2015-09-04 17:49:47,120 INFO  - Running algorithm "count histo adjacent cells 2d"...
2015-09-04 17:49:47,513 INFO  - Printing results...
2015-09-04 17:49:47,514 INFO  - n	count	#polyominoes
2015-09-04 17:49:47,514 INFO  - 1	4	1
2015-09-04 17:49:47,514 INFO  - 2	6	2
2015-09-04 17:49:47,514 INFO  - 3	7	4
2015-09-04 17:49:47,515 INFO  - 3	8	2
2015-09-04 17:49:47,515 INFO  - 4	8	9
2015-09-04 17:49:47,515 INFO  - 4	9	8
2015-09-04 17:49:47,516 INFO  - 4	10	2
2015-09-04 17:49:47,516 INFO  - 5	8	1
2015-09-04 17:49:47,516 INFO  - 5	9	20
2015-09-04 17:49:47,516 INFO  - 5	10	28
2015-09-04 17:49:47,517 INFO  - 5	11	12
2015-09-04 17:49:47,517 INFO  - 5	12	2
2015-09-04 17:49:47,517 INFO  - 6	9	4
2015-09-04 17:49:47,517 INFO  - 6	10	54
2015-09-04 17:49:47,521 INFO  - 6	11	80
2015-09-04 17:49:47,522 INFO  - 6	12	60
2015-09-04 17:49:47,522 INFO  - 6	13	16
2015-09-04 17:49:47,522 INFO  - 6	14	2
2015-09-04 17:49:47,523 INFO  - 7	10	22
2015-09-04 17:49:47,523 INFO  - 7	11	136
2015-09-04 17:49:47,523 INFO  - 7	12	252
2015-09-04 17:49:47,526 INFO  - 7	13	228
2015-09-04 17:49:47,526 INFO  - 7	14	100
2015-09-04 17:49:47,526 INFO  - 7	15	20
2015-09-04 17:49:47,527 INFO  - 7	16	2
2015-09-04 17:49:47,527 INFO  - 8	10	4
2015-09-04 17:49:47,527 INFO  - 8	11	80
2015-09-04 17:49:47,527 INFO  - 8	12	388
2015-09-04 17:49:47,528 INFO  - 8	13	777
2015-09-04 17:49:47,528 INFO  - 8	14	818
2015-09-04 17:49:47,528 INFO  - 8	15	480
2015-09-04 17:49:47,528 INFO  - 8	16	152
2015-09-04 17:49:47,528 INFO  - 8	17	24
2015-09-04 17:49:47,528 INFO  - 8	18	2
2015-09-04 17:49:47,528 INFO  - 9	11	28
2015-09-04 17:49:47,528 INFO  - 9	12	291
2015-09-04 17:49:47,528 INFO  - 9	13	1152
2015-09-04 17:49:47,528 INFO  - 9	14	2444
2015-09-04 17:49:47,528 INFO  - 9	15	2804
2015-09-04 17:49:47,528 INFO  - 9	16	2089
2015-09-04 17:49:47,528 INFO  - 9	17	856
2015-09-04 17:49:47,529 INFO  - 9	18	216
2015-09-04 17:49:47,529 INFO  - 9	19	28
2015-09-04 17:49:47,529 INFO  - 9	20	2
2015-09-04 17:49:47,529 INFO  - 10	11	4
2015-09-04 17:49:47,529 INFO  - 10	12	154
2015-09-04 17:49:47,529 INFO  - 10	13	986
2015-09-04 17:49:47,529 INFO  - 10	14	3676
2015-09-04 17:49:47,529 INFO  - 10	15	7612
2015-09-04 17:49:47,529 INFO  - 10	16	9750
2015-09-04 17:49:47,529 INFO  - 10	17	8192
2015-09-04 17:49:47,529 INFO  - 10	18	4330
2015-09-04 17:49:47,529 INFO  - 10	19	1416
2015-09-04 17:49:47,529 INFO  - 10	20	292
2015-09-04 17:49:47,529 INFO  - 10	21	32
2015-09-04 17:49:47,530 INFO  - 10	22	2
2015-09-04 17:49:47,530 INFO  - Finished running algorithm
2015-09-04 17:49:47,530 INFO  - Program finished
2015-09-04 17:50:18,194 INFO  - Starting program. Client version: 2.0
2015-09-04 17:50:18,195 INFO  - Parsing command line parameters...
2015-09-04 17:50:18,195 INFO  - Running algorithm "count histo adjacent cells 2d"...
2015-09-04 17:50:23,575 INFO  - Printing results...
2015-09-04 17:50:23,575 INFO  - n	count	#polyominoes
2015-09-04 17:50:23,576 INFO  - 1	4	1
2015-09-04 17:50:23,576 INFO  - 2	6	2
2015-09-04 17:50:23,576 INFO  - 3	7	4
2015-09-04 17:50:23,576 INFO  - 3	8	2
2015-09-04 17:50:23,576 INFO  - 4	8	9
2015-09-04 17:50:23,576 INFO  - 4	9	8
2015-09-04 17:50:23,576 INFO  - 4	10	2
2015-09-04 17:50:23,576 INFO  - 5	8	1
2015-09-04 17:50:23,576 INFO  - 5	9	20
2015-09-04 17:50:23,576 INFO  - 5	10	28
2015-09-04 17:50:23,576 INFO  - 5	11	12
2015-09-04 17:50:23,576 INFO  - 5	12	2
2015-09-04 17:50:23,576 INFO  - 6	9	4
2015-09-04 17:50:23,576 INFO  - 6	10	54
2015-09-04 17:50:23,576 INFO  - 6	11	80
2015-09-04 17:50:23,576 INFO  - 6	12	60
2015-09-04 17:50:23,576 INFO  - 6	13	16
2015-09-04 17:50:23,577 INFO  - 6	14	2
2015-09-04 17:50:23,577 INFO  - 7	10	22
2015-09-04 17:50:23,577 INFO  - 7	11	136
2015-09-04 17:50:23,577 INFO  - 7	12	252
2015-09-04 17:50:23,577 INFO  - 7	13	228
2015-09-04 17:50:23,577 INFO  - 7	14	100
2015-09-04 17:50:23,577 INFO  - 7	15	20
2015-09-04 17:50:23,577 INFO  - 7	16	2
2015-09-04 17:50:23,577 INFO  - 8	10	4
2015-09-04 17:50:23,577 INFO  - 8	11	80
2015-09-04 17:50:23,577 INFO  - 8	12	388
2015-09-04 17:50:23,578 INFO  - 8	13	777
2015-09-04 17:50:23,578 INFO  - 8	14	818
2015-09-04 17:50:23,578 INFO  - 8	15	480
2015-09-04 17:50:23,578 INFO  - 8	16	152
2015-09-04 17:50:23,578 INFO  - 8	17	24
2015-09-04 17:50:23,578 INFO  - 8	18	2
2015-09-04 17:50:23,578 INFO  - 9	11	28
2015-09-04 17:50:23,578 INFO  - 9	12	291
2015-09-04 17:50:23,578 INFO  - 9	13	1152
2015-09-04 17:50:23,578 INFO  - 9	14	2444
2015-09-04 17:50:23,578 INFO  - 9	15	2804
2015-09-04 17:50:23,578 INFO  - 9	16	2089
2015-09-04 17:50:23,578 INFO  - 9	17	856
2015-09-04 17:50:23,578 INFO  - 9	18	216
2015-09-04 17:50:23,578 INFO  - 9	19	28
2015-09-04 17:50:23,578 INFO  - 9	20	2
2015-09-04 17:50:23,578 INFO  - 10	11	4
2015-09-04 17:50:23,578 INFO  - 10	12	154
2015-09-04 17:50:23,578 INFO  - 10	13	986
2015-09-04 17:50:23,578 INFO  - 10	14	3676
2015-09-04 17:50:23,578 INFO  - 10	15	7612
2015-09-04 17:50:23,578 INFO  - 10	16	9750
2015-09-04 17:50:23,578 INFO  - 10	17	8192
2015-09-04 17:50:23,578 INFO  - 10	18	4330
2015-09-04 17:50:23,578 INFO  - 10	19	1416
2015-09-04 17:50:23,578 INFO  - 10	20	292
2015-09-04 17:50:23,579 INFO  - 10	21	32
2015-09-04 17:50:23,579 INFO  - 10	22	2
2015-09-04 17:50:23,579 INFO  - 11	12	52
2015-09-04 17:50:23,579 INFO  - 11	13	644
2015-09-04 17:50:23,579 INFO  - 11	14	3530
2015-09-04 17:50:23,579 INFO  - 11	15	11772
2015-09-04 17:50:23,579 INFO  - 11	16	24472
2015-09-04 17:50:23,579 INFO  - 11	17	33336
2015-09-04 17:50:23,579 INFO  - 11	18	31202
2015-09-04 17:50:23,579 INFO  - 11	19	19532
2015-09-04 17:50:23,579 INFO  - 11	20	8130
2015-09-04 17:50:23,579 INFO  - 11	21	2180
2015-09-04 17:50:23,579 INFO  - 11	22	380
2015-09-04 17:50:23,579 INFO  - 11	23	36
2015-09-04 17:50:23,579 INFO  - 11	24	2
2015-09-04 17:50:23,579 INFO  - 12	12	9
2015-09-04 17:50:23,579 INFO  - 12	13	325
2015-09-04 17:50:23,579 INFO  - 12	14	2644
2015-09-04 17:50:23,579 INFO  - 12	15	12502
2015-09-04 17:50:23,579 INFO  - 12	16	38694
2015-09-04 17:50:23,579 INFO  - 12	17	79730
2015-09-04 17:50:23,579 INFO  - 12	18	114342
2015-09-04 17:50:23,579 INFO  - 12	19	115502
2015-09-04 17:50:23,579 INFO  - 12	20	83183
2015-09-04 17:50:23,579 INFO  - 12	21	41136
2015-09-04 17:50:23,580 INFO  - 12	22	14064
2015-09-04 17:50:23,580 INFO  - 12	23	3208
2015-09-04 17:50:23,580 INFO  - 12	24	480
2015-09-04 17:50:23,580 INFO  - 12	25	40
2015-09-04 17:50:23,580 INFO  - 12	26	2
2015-09-04 17:50:23,580 INFO  - Finished running algorithm
2015-09-04 17:50:23,580 INFO  - Program finished
2015-09-04 17:50:38,426 INFO  - Starting program. Client version: 2.0
2015-09-04 17:50:38,429 INFO  - Parsing command line parameters...
2015-09-04 17:50:38,430 INFO  - Running algorithm "count histo adjacent cells 2d"...
2015-09-04 17:51:57,148 INFO  - Printing results...
2015-09-04 17:51:57,150 INFO  - n	count	#polyominoes
2015-09-04 17:51:57,150 INFO  - 1	4	1
2015-09-04 17:51:57,151 INFO  - 2	6	2
2015-09-04 17:51:57,151 INFO  - 3	7	4
2015-09-04 17:51:57,151 INFO  - 3	8	2
2015-09-04 17:51:57,151 INFO  - 4	8	9
2015-09-04 17:51:57,151 INFO  - 4	9	8
2015-09-04 17:51:57,151 INFO  - 4	10	2
2015-09-04 17:51:57,151 INFO  - 5	8	1
2015-09-04 17:51:57,151 INFO  - 5	9	20
2015-09-04 17:51:57,151 INFO  - 5	10	28
2015-09-04 17:51:57,151 INFO  - 5	11	12
2015-09-04 17:51:57,151 INFO  - 5	12	2
2015-09-04 17:51:57,151 INFO  - 6	9	4
2015-09-04 17:51:57,151 INFO  - 6	10	54
2015-09-04 17:51:57,151 INFO  - 6	11	80
2015-09-04 17:51:57,151 INFO  - 6	12	60
2015-09-04 17:51:57,151 INFO  - 6	13	16
2015-09-04 17:51:57,151 INFO  - 6	14	2
2015-09-04 17:51:57,151 INFO  - 7	10	22
2015-09-04 17:51:57,151 INFO  - 7	11	136
2015-09-04 17:51:57,151 INFO  - 7	12	252
2015-09-04 17:51:57,151 INFO  - 7	13	228
2015-09-04 17:51:57,151 INFO  - 7	14	100
2015-09-04 17:51:57,151 INFO  - 7	15	20
2015-09-04 17:51:57,151 INFO  - 7	16	2
2015-09-04 17:51:57,151 INFO  - 8	10	4
2015-09-04 17:51:57,151 INFO  - 8	11	80
2015-09-04 17:51:57,152 INFO  - 8	12	388
2015-09-04 17:51:57,152 INFO  - 8	13	777
2015-09-04 17:51:57,152 INFO  - 8	14	818
2015-09-04 17:51:57,152 INFO  - 8	15	480
2015-09-04 17:51:57,152 INFO  - 8	16	152
2015-09-04 17:51:57,152 INFO  - 8	17	24
2015-09-04 17:51:57,152 INFO  - 8	18	2
2015-09-04 17:51:57,152 INFO  - 9	11	28
2015-09-04 17:51:57,152 INFO  - 9	12	291
2015-09-04 17:51:57,152 INFO  - 9	13	1152
2015-09-04 17:51:57,152 INFO  - 9	14	2444
2015-09-04 17:51:57,152 INFO  - 9	15	2804
2015-09-04 17:51:57,152 INFO  - 9	16	2089
2015-09-04 17:51:57,152 INFO  - 9	17	856
2015-09-04 17:51:57,152 INFO  - 9	18	216
2015-09-04 17:51:57,152 INFO  - 9	19	28
2015-09-04 17:51:57,152 INFO  - 9	20	2
2015-09-04 17:51:57,152 INFO  - 10	11	4
2015-09-04 17:51:57,152 INFO  - 10	12	154
2015-09-04 17:51:57,152 INFO  - 10	13	986
2015-09-04 17:51:57,152 INFO  - 10	14	3676
2015-09-04 17:51:57,152 INFO  - 10	15	7612
2015-09-04 17:51:57,152 INFO  - 10	16	9750
2015-09-04 17:51:57,152 INFO  - 10	17	8192
2015-09-04 17:51:57,152 INFO  - 10	18	4330
2015-09-04 17:51:57,152 INFO  - 10	19	1416
2015-09-04 17:51:57,152 INFO  - 10	20	292
2015-09-04 17:51:57,153 INFO  - 10	21	32
2015-09-04 17:51:57,153 INFO  - 10	22	2
2015-09-04 17:51:57,153 INFO  - 11	12	52
2015-09-04 17:51:57,153 INFO  - 11	13	644
2015-09-04 17:51:57,153 INFO  - 11	14	3530
2015-09-04 17:51:57,153 INFO  - 11	15	11772
2015-09-04 17:51:57,153 INFO  - 11	16	24472
2015-09-04 17:51:57,153 INFO  - 11	17	33336
2015-09-04 17:51:57,153 INFO  - 11	18	31202
2015-09-04 17:51:57,153 INFO  - 11	19	19532
2015-09-04 17:51:57,153 INFO  - 11	20	8130
2015-09-04 17:51:57,153 INFO  - 11	21	2180
2015-09-04 17:51:57,153 INFO  - 11	22	380
2015-09-04 17:51:57,153 INFO  - 11	23	36
2015-09-04 17:51:57,153 INFO  - 11	24	2
2015-09-04 17:51:57,153 INFO  - 12	12	9
2015-09-04 17:51:57,153 INFO  - 12	13	325
2015-09-04 17:51:57,153 INFO  - 12	14	2644
2015-09-04 17:51:57,153 INFO  - 12	15	12502
2015-09-04 17:51:57,153 INFO  - 12	16	38694
2015-09-04 17:51:57,153 INFO  - 12	17	79730
2015-09-04 17:51:57,153 INFO  - 12	18	114342
2015-09-04 17:51:57,153 INFO  - 12	19	115502
2015-09-04 17:51:57,153 INFO  - 12	20	83183
2015-09-04 17:51:57,153 INFO  - 12	21	41136
2015-09-04 17:51:57,154 INFO  - 12	22	14064
2015-09-04 17:51:57,154 INFO  - 12	23	3208
2015-09-04 17:51:57,154 INFO  - 12	24	480
2015-09-04 17:51:57,154 INFO  - 12	25	40
2015-09-04 17:51:57,154 INFO  - 12	26	2
2015-09-04 17:51:57,154 INFO  - 13	12	1
2015-09-04 17:51:57,154 INFO  - 13	13	112
2015-09-04 17:51:57,154 INFO  - 13	14	1660
2015-09-04 17:51:57,154 INFO  - 13	15	10480
2015-09-04 17:51:57,154 INFO  - 13	16	44574
2015-09-04 17:51:57,154 INFO  - 13	17	129020
2015-09-04 17:51:57,154 INFO  - 13	18	264482
2015-09-04 17:51:57,154 INFO  - 13	19	391432
2015-09-04 17:51:57,154 INFO  - 13	20	423786
2015-09-04 17:51:57,154 INFO  - 13	21	337144
2015-09-04 17:51:57,154 INFO  - 13	22	193820
2015-09-04 17:51:57,154 INFO  - 13	23	79240
2015-09-04 17:51:57,154 INFO  - 13	24	22993
2015-09-04 17:51:57,154 INFO  - 13	25	4508
2015-09-04 17:51:57,154 INFO  - 13	26	592
2015-09-04 17:51:57,154 INFO  - 13	27	44
2015-09-04 17:51:57,154 INFO  - 13	28	2
2015-09-04 17:51:57,154 INFO  - 14	13	28
2015-09-04 17:51:57,154 INFO  - 14	14	828
2015-09-04 17:51:57,154 INFO  - 14	15	7508
2015-09-04 17:51:57,154 INFO  - 14	16	41408
2015-09-04 17:51:57,154 INFO  - 14	17	158532
2015-09-04 17:51:57,155 INFO  - 14	18	437186
2015-09-04 17:51:57,155 INFO  - 14	19	887404
2015-09-04 17:51:57,155 INFO  - 14	20	1347560
2015-09-04 17:51:57,155 INFO  - 14	21	1538558
2015-09-04 17:51:57,155 INFO  - 14	22	1331170
2015-09-04 17:51:57,155 INFO  - 14	23	859176
2015-09-04 17:51:57,155 INFO  - 14	24	410302
2015-09-04 17:51:57,155 INFO  - 14	25	142624
2015-09-04 17:51:57,155 INFO  - 14	26	35664
2015-09-04 17:51:57,155 INFO  - 14	27	6160
2015-09-04 17:51:57,155 INFO  - 14	28	716
2015-09-04 17:51:57,155 INFO  - 14	29	48
2015-09-04 17:51:57,155 INFO  - 14	30	2
2015-09-04 17:51:57,155 INFO  - Finished running algorithm
2015-09-04 17:51:57,155 INFO  - Program finished
2015-09-04 17:57:05,068 INFO  - Starting program. Client version: 2.0
2015-09-04 17:57:05,068 INFO  - Parsing command line parameters...
2015-09-04 17:57:05,069 INFO  - Running algorithm "count histo adjacent cells 2d"...
